<?xml version="1.0" encoding="UTF-8"?>
<!-- Generated by org.testng.reporters.JUnitReportReporter -->
<testsuite hostname="Anuj_Gupta" name="com.tours.test.TestHomePage" tests="1" failures="0" timestamp="30 Jan 2020 14:04:19 GMT" time="2.527" errors="0">
  <testcase name="basePage" time="2.527" classname="com.tours.test.TestHomePage"/>
</testsuite> <!-- com.tours.test.TestHomePage -->
